<?xml version="1.0" encoding="UTF-8"?>
<testng-results skipped="0" failed="0" ignored="0" total="5" passed="5">
  <reporter-output>
  </reporter-output>
  <suite name="Sanity_Suite" duration-ms="20074" started-at="2020-06-15T01:18:34Z" finished-at="2020-06-15T01:18:54Z">
    <groups>
    </groups>
    <test name="login_Test" duration-ms="6379" started-at="2020-06-15T01:18:34Z" finished-at="2020-06-15T01:18:40Z">
      <class name="Login_Test.Login_to_portal">
        <test-method status="PASS" signature="Settings()[pri:0, instance:Login_Test.Login_to_portal@3e9b1010]" name="Settings" is-config="true" duration-ms="1322" started-at="2020-06-15T01:18:34Z" finished-at="2020-06-15T01:18:35Z">
          <reporter-output>
          </reporter-output>
        </test-method> <!-- Settings -->
        <test-method status="PASS" signature="invalid_login()[pri:1, instance:Login_Test.Login_to_portal@3e9b1010]" name="invalid_login" duration-ms="1501" started-at="2020-06-15T01:18:35Z" finished-at="2020-06-15T01:18:37Z">
          <reporter-output>
          </reporter-output>
        </test-method> <!-- invalid_login -->
        <test-method status="PASS" signature="setUrl()[pri:0, instance:Login_Test.Login_to_portal@3e9b1010]" name="setUrl" is-config="true" duration-ms="179" started-at="2020-06-15T01:18:37Z" finished-at="2020-06-15T01:18:37Z">
          <reporter-output>
          </reporter-output>
        </test-method> <!-- setUrl -->
        <test-method status="PASS" signature="valid_login()[pri:2, instance:Login_Test.Login_to_portal@3e9b1010]" name="valid_login" duration-ms="3133" started-at="2020-06-15T01:18:37Z" finished-at="2020-06-15T01:18:40Z">
          <reporter-output>
          </reporter-output>
        </test-method> <!-- valid_login -->
        <test-method status="PASS" signature="setUrl()[pri:0, instance:Login_Test.Login_to_portal@3e9b1010]" name="setUrl" is-config="true" duration-ms="186" started-at="2020-06-15T01:18:40Z" finished-at="2020-06-15T01:18:40Z">
          <reporter-output>
          </reporter-output>
        </test-method> <!-- setUrl -->
      </class> <!-- Login_Test.Login_to_portal -->
    </test> <!-- login_Test -->
    <test name="calculator_Test" duration-ms="5766" started-at="2020-06-15T01:18:40Z" finished-at="2020-06-15T01:18:46Z">
      <class name="Login_Test.calculator_test">
        <test-method status="PASS" signature="Settings()[pri:0, instance:Login_Test.calculator_test@4148db48]" name="Settings" is-config="true" duration-ms="138" started-at="2020-06-15T01:18:40Z" finished-at="2020-06-15T01:18:41Z">
          <reporter-output>
          </reporter-output>
        </test-method> <!-- Settings -->
        <test-method status="PASS" signature="calculator_test()[pri:1, instance:Login_Test.calculator_test@4148db48]" name="calculator_test" duration-ms="5622" started-at="2020-06-15T01:18:41Z" finished-at="2020-06-15T01:18:46Z">
          <reporter-output>
          </reporter-output>
        </test-method> <!-- calculator_test -->
      </class> <!-- Login_Test.calculator_test -->
    </test> <!-- calculator_Test -->
    <test name="toolTip_Test" duration-ms="6353" started-at="2020-06-15T01:18:46Z" finished-at="2020-06-15T01:18:53Z">
      <class name="Login_Test.toolTip_test">
        <test-method status="PASS" signature="Settings()[pri:0, instance:Login_Test.toolTip_test@62fdb4a6]" name="Settings" is-config="true" duration-ms="186" started-at="2020-06-15T01:18:46Z" finished-at="2020-06-15T01:18:46Z">
          <reporter-output>
          </reporter-output>
        </test-method> <!-- Settings -->
        <test-method status="PASS" signature="Tool_tip_test()[pri:1, instance:Login_Test.toolTip_test@62fdb4a6]" name="Tool_tip_test" duration-ms="6163" started-at="2020-06-15T01:18:46Z" finished-at="2020-06-15T01:18:53Z">
          <reporter-output>
          </reporter-output>
        </test-method> <!-- Tool_tip_test -->
      </class> <!-- Login_Test.toolTip_test -->
    </test> <!-- toolTip_Test -->
    <test name="logout_Test" duration-ms="1499" started-at="2020-06-15T01:18:53Z" finished-at="2020-06-15T01:18:54Z">
      <class name="Login_Test.page_logout">
        <test-method status="PASS" signature="getDependency()[pri:0, instance:Login_Test.page_logout@120d6fe6]" name="getDependency" is-config="true" duration-ms="7051" started-at="2020-06-15T01:18:27Z" finished-at="2020-06-15T01:18:34Z">
          <reporter-output>
          </reporter-output>
        </test-method> <!-- getDependency -->
        <test-method status="PASS" signature="Settings()[pri:0, instance:Login_Test.page_logout@120d6fe6]" name="Settings" is-config="true" duration-ms="216" started-at="2020-06-15T01:18:53Z" finished-at="2020-06-15T01:18:53Z">
          <reporter-output>
          </reporter-output>
        </test-method> <!-- Settings -->
        <test-method status="PASS" signature="logout_test()[pri:1, instance:Login_Test.page_logout@120d6fe6]" name="logout_test" duration-ms="1279" started-at="2020-06-15T01:18:53Z" finished-at="2020-06-15T01:18:54Z">
          <reporter-output>
          </reporter-output>
        </test-method> <!-- logout_test -->
        <test-method status="PASS" signature="teardown()[pri:0, instance:Login_Test.page_logout@120d6fe6]" name="teardown" is-config="true" duration-ms="811" started-at="2020-06-15T01:18:54Z" finished-at="2020-06-15T01:18:55Z">
          <reporter-output>
          </reporter-output>
        </test-method> <!-- teardown -->
      </class> <!-- Login_Test.page_logout -->
    </test> <!-- logout_Test -->
  </suite> <!-- Sanity_Suite -->
</testng-results>
